

============================== 2022-12-24 12:58:54.272027 | a30e989f-892b-4961-b4cf-e142e12b99aa ==============================
[0m12:58:54.272037 [info ] [MainThread]: Running with dbt=1.3.1
[0m12:58:54.272338 [debug] [MainThread]: running dbt with arguments {'write_json': True, 'use_colors': True, 'printer_width': 80, 'version_check': True, 'partial_parse': True, 'static_parser': True, 'profiles_dir': '/home/linhares/.dbt', 'send_anonymous_usage_stats': True, 'event_buffer_size': 100000, 'quiet': False, 'no_print': False, 'config_dir': False, 'which': 'debug', 'indirect_selection': 'eager'}
[0m12:58:54.272472 [debug] [MainThread]: Tracking: tracking
[0m12:58:54.273528 [debug] [MainThread]: Sending event: {'category': 'dbt', 'action': 'invocation', 'label': 'start', 'context': [<snowplow_tracker.self_describing_json.SelfDescribingJson object at 0x7ff55d9cd5a0>, <snowplow_tracker.self_describing_json.SelfDescribingJson object at 0x7ff55d9cd900>, <snowplow_tracker.self_describing_json.SelfDescribingJson object at 0x7ff55d9cd600>]}
[0m12:58:54.654409 [debug] [MainThread]: Executing "git --help"
[0m12:58:54.655906 [debug] [MainThread]: STDOUT: "b"usage: git [--version] [--help] [-C <path>] [-c <name>=<value>]\n           [--exec-path[=<path>]] [--html-path] [--man-path] [--info-path]\n           [-p | --paginate | -P | --no-pager] [--no-replace-objects] [--bare]\n           [--git-dir=<path>] [--work-tree=<path>] [--namespace=<name>]\n           [--super-prefix=<path>] [--config-env=<name>=<envvar>]\n           <command> [<args>]\n\nThese are common Git commands used in various situations:\n\nstart a working area (see also: git help tutorial)\n   clone     Clone a repository into a new directory\n   init      Create an empty Git repository or reinitialize an existing one\n\nwork on the current change (see also: git help everyday)\n   add       Add file contents to the index\n   mv        Move or rename a file, a directory, or a symlink\n   restore   Restore working tree files\n   rm        Remove files from the working tree and from the index\n\nexamine the history and state (see also: git help revisions)\n   bisect    Use binary search to find the commit that introduced a bug\n   diff      Show changes between commits, commit and working tree, etc\n   grep      Print lines matching a pattern\n   log       Show commit logs\n   show      Show various types of objects\n   status    Show the working tree status\n\ngrow, mark and tweak your common history\n   branch    List, create, or delete branches\n   commit    Record changes to the repository\n   merge     Join two or more development histories together\n   rebase    Reapply commits on top of another base tip\n   reset     Reset current HEAD to the specified state\n   switch    Switch branches\n   tag       Create, list, delete or verify a tag object signed with GPG\n\ncollaborate (see also: git help workflows)\n   fetch     Download objects and refs from another repository\n   pull      Fetch from and integrate with another repository or a local branch\n   push      Update remote refs along with associated objects\n\n'git help -a' and 'git help -g' list available subcommands and some\nconcept guides. See 'git help <command>' or 'git help <concept>'\nto read about a specific subcommand or concept.\nSee 'git help git' for an overview of the system.\n""
[0m12:58:54.656114 [debug] [MainThread]: STDERR: "b''"
[0m12:58:54.671544 [debug] [MainThread]: Acquiring new bigquery connection "debug"
[0m12:58:54.671820 [debug] [MainThread]: Opening a new connection, currently in state init
[0m12:58:54.695078 [debug] [MainThread]: On debug: select 1 as id
[0m12:58:56.315299 [debug] [MainThread]: BigQuery adapter: https://console.cloud.google.com/bigquery?project=northwind-369821&j=bq:88df5010-f696-40a8-a7ff-08cd3403910f:US&page=queryresults
[0m12:58:56.315710 [debug] [MainThread]: Sending event: {'category': 'dbt', 'action': 'invocation', 'label': 'end', 'context': [<snowplow_tracker.self_describing_json.SelfDescribingJson object at 0x7ff55b986c20>, <snowplow_tracker.self_describing_json.SelfDescribingJson object at 0x7ff55b984ee0>, <snowplow_tracker.self_describing_json.SelfDescribingJson object at 0x7ff55b986830>]}
[0m12:58:56.316040 [debug] [MainThread]: Flushing usage events
[0m12:58:56.936437 [debug] [MainThread]: Connection 'debug' was properly closed.


============================== 2022-12-24 19:00:35.799250 | 5f80a1c5-f36c-48e1-98f9-781e0de0a79c ==============================
[0m19:00:35.799260 [info ] [MainThread]: Running with dbt=1.3.1
[0m19:00:35.807569 [debug] [MainThread]: running dbt with arguments {'write_json': True, 'use_colors': True, 'printer_width': 80, 'version_check': True, 'partial_parse': True, 'static_parser': True, 'profiles_dir': '/home/linhares/.dbt', 'send_anonymous_usage_stats': True, 'event_buffer_size': 100000, 'quiet': False, 'no_print': False, 'project_name': 'adventure', 'skip_profile_setup': False, 'which': 'init', 'indirect_selection': 'eager'}
[0m19:00:35.807880 [debug] [MainThread]: Tracking: tracking
[0m19:00:35.809046 [debug] [MainThread]: Sending event: {'category': 'dbt', 'action': 'invocation', 'label': 'start', 'context': [<snowplow_tracker.self_describing_json.SelfDescribingJson object at 0x7f74985a9c00>, <snowplow_tracker.self_describing_json.SelfDescribingJson object at 0x7f74985a96c0>, <snowplow_tracker.self_describing_json.SelfDescribingJson object at 0x7f74985a98d0>]}
[0m19:00:35.810247 [debug] [MainThread]: Starter project path: /home/linhares/Projeto_Indicium/northwind/venv/lib/python3.10/site-packages/dbt/include/starter_project
[0m19:00:39.876082 [info ] [MainThread]: 
Your new dbt project "adventure" was created!

For more information on how to configure the profiles.yml file,
please consult the dbt documentation here:

  https://docs.getdbt.com/docs/configure-your-profile

One more thing:

Need help? Don't hesitate to reach out to us via GitHub issues or on Slack:

  https://community.getdbt.com/

Happy modeling!

[0m19:00:39.876404 [debug] [MainThread]: Sending event: {'category': 'dbt', 'action': 'invocation', 'label': 'end', 'context': [<snowplow_tracker.self_describing_json.SelfDescribingJson object at 0x7f74985aba60>, <snowplow_tracker.self_describing_json.SelfDescribingJson object at 0x7f74985a9cc0>, <snowplow_tracker.self_describing_json.SelfDescribingJson object at 0x7f74985ab8b0>]}
[0m19:00:39.876586 [debug] [MainThread]: Flushing usage events
